[0.000000] (-) TimerEvent: {}
[0.001350] (object_detection_ros2) JobQueued: {'identifier': 'object_detection_ros2', 'dependencies': OrderedDict()}
[0.001536] (object_detection_ros2) JobStarted: {'identifier': 'object_detection_ros2'}
[0.099254] (-) TimerEvent: {}
[0.199647] (-) TimerEvent: {}
[0.300046] (-) TimerEvent: {}
[0.400474] (-) TimerEvent: {}
[0.500854] (-) TimerEvent: {}
[0.601288] (-) TimerEvent: {}
[0.701713] (-) TimerEvent: {}
[0.802106] (-) TimerEvent: {}
[0.902574] (-) TimerEvent: {}
[1.003292] (-) TimerEvent: {}
[1.103664] (-) TimerEvent: {}
[1.155808] (object_detection_ros2) StderrLine: {'line': b'Traceback (most recent call last):\n  File "/home/i880/anaconda3/lib/python3.11/site-packages/colcon_core/executor/__init__.py", line 91, in __call__\n    rc = await self.task(*args, **kwargs)\n         ^^^^^^^^^^^^^^^^^^^^^^^^^^^^^^^^\n  File "/home/i880/anaconda3/lib/python3.11/site-packages/colcon_core/task/__init__.py", line 93, in __call__\n    return await task_method(*args, **kwargs)\n           ^^^^^^^^^^^^^^^^^^^^^^^^^^^^^^^^^^\n  File "/home/i880/anaconda3/lib/python3.11/site-packages/colcon_ros/task/ament_python/build.py", line 102, in build\n    return await extension.build(additional_hooks=additional_hooks)\n           ^^^^^^^^^^^^^^^^^^^^^^^^^^^^^^^^^^^^^^^^^^^^^^^^^^^^^^^^\n  File "/home/i880/anaconda3/lib/python3.11/site-packages/colcon_core/task/python/build.py", line 96, in build\n    available_commands = await self._get_available_commands(\n                         ^^^^^^^^^^^^^^^^^^^^^^^^^^^^^^^^^^^\n  File "/home/i880/anaconda3/lib/python3.11/site-packages/colcon_core/task/python/build.py", line 194, in _get_available_commands\n    output = await check_output(\n             ^^^^^^^^^^^^^^^^^^^\n  File "/home/i880/anaconda3/lib/python3.11/site-packages/colcon_core/subprocess.py", line 129, in check_output\n    assert not rc, f\'Expected {args} to pass: {stderr_data}\'\nAssertionError: Expected [\'/home/i880/anaconda3/bin/python\', \'-W\', \'ignore:setup.py install is deprecated\', \'-W\', \'ignore:easy_install command is deprecated\', \'setup.py\', \'--help-commands\'] to pass: Traceback (most recent call last):\n  File "/home/i880/programming/ros2/object_detection_ros2/setup.py", line 6, in <module>\n    setup(\n  File "/home/i880/anaconda3/lib/python3.11/site-packages/setuptools/__init__.py", line 103, in setup\n    return distutils.core.setup(**attrs)\n           ^^^^^^^^^^^^^^^^^^^^^^^^^^^^^\n  File "/home/i880/anaconda3/lib/python3.11/site-packages/setuptools/_distutils/core.py", line 172, in setup\n    ok = dist.parse_command_line()\n         ^^^^^^^^^^^^^^^^^^^^^^^^^\n  File "/home/i880/anaconda3/lib/python3.11/site-packages/setuptools/_distutils/dist.py", line 472, in parse_command_line\n    if self.handle_display_options(option_order):\n       ^^^^^^^^^^^^^^^^^^^^^^^^^^^^^^^^^^^^^^^^^\n  File "/home/i880/anaconda3/lib/python3.11/site-packages/setuptools/dist.py", line 965, in handle_display_options\n    return _Distribution.handle_display_options(self, option_order)\n           ^^^^^^^^^^^^^^^^^^^^^^^^^^^^^^^^^^^^^^^^^^^^^^^^^^^^^^^^\n  File "/home/i880/anaconda3/lib/python3.11/site-packages/setuptools/_distutils/dist.py", line 686, in handle_display_options\n    self.print_commands()\n  File "/home/i880/anaconda3/lib/python3.11/site-packages/setuptools/dist.py", line 744, in print_commands\n    cmdclass = ep.load()\n               ^^^^^^^^^\n  File "/home/i880/anaconda3/lib/python3.11/importlib/metadata/__init__.py", line 202, in load\n    module = import_module(match.group(\'module\'))\n             ^^^^^^^^^^^^^^^^^^^^^^^^^^^^^^^^^^^^\n  File "/home/i880/anaconda3/lib/python3.11/importlib/__init__.py", line 126, in import_module\n    return _bootstrap._gcd_import(name[level:], package, level)\n           ^^^^^^^^^^^^^^^^^^^^^^^^^^^^^^^^^^^^^^^^^^^^^^^^^^^^\n  File "<frozen importlib._bootstrap>", line 1204, in _gcd_import\n  File "<frozen importlib._bootstrap>", line 1176, in _find_and_load\n  File "<frozen importlib._bootstrap>", line 1147, in _find_and_load_unlocked\n  File "<frozen importlib._bootstrap>", line 690, in _load_unlocked\n  File "<frozen importlib._bootstrap_external>", line 940, in exec_module\n  File "<frozen importlib._bootstrap>", line 241, in _call_with_frames_removed\n  File "/home/i880/anaconda3/lib/python3.11/site-packages/conda_build/bdist_conda.py", line 11, in <module>\n    from . import api\n  File "/home/i880/anaconda3/lib/python3.11/site-packages/conda_build/api.py", line 21, in <module>\n    from .config import DEFAULT_PREFIX_LENGTH as _prefix_length\n  File "/home/i880/anaconda3/lib/python3.11/site-packages/conda_build/config.py", line 18, in <module>\n    from .conda_interface import (\n  File "/home/i880/anaconda3/lib/python3.11/site-packages/conda_build/conda_interface.py", line 11, in <module>\n    from conda.auxlib.packaging import (  # noqa: F401\nModuleNotFoundError: No module named \'conda.auxlib.packaging\'\n\n'}
[1.156764] (object_detection_ros2) JobEnded: {'identifier': 'object_detection_ros2', 'rc': 1}
[1.167195] (-) EventReactorShutdown: {}
